<?xml version="1.0" encoding="UTF-8"?>
<!-- Generated by org.testng.reporters.JUnitXMLReporter -->
<testsuite ignored="0" hostname="CLAP2084" failures="1" tests="13" name="Regression" time="77.847" errors="0" timestamp="2022-01-07T14:13:32 IST">
  <testcase classname="Salesdesk.ApplyCoupunCode" name="addBookToCart" time="35.93"/>
  <testcase classname="Salesdesk.ApplyCoupunCode" name="viewBasketDetails" time="8.153"/>
  <testcase classname="Salesdesk.ApplyCoupunCode" name="cCode" time="0.074">
    <failure type="org.openqa.selenium.ElementNotInteractableException" message="element not interactable
  (Session info: chrome=96.0.4664.110)
Build info: version: &amp;apos;3.141.59&amp;apos;, revision: &amp;apos;e82be7d358&amp;apos;, time: &amp;apos;2018-11-14T08:17:03&amp;apos;
System info: host: &amp;apos;CLAP2084&amp;apos;, ip: &amp;apos;192.168.1.3&amp;apos;, os.name: &amp;apos;Windows 10&amp;apos;, os.arch: &amp;apos;amd64&amp;apos;, os.version: &amp;apos;10.0&amp;apos;, java.version: &amp;apos;17.0.1&amp;apos;
Driver info: org.openqa.selenium.chrome.ChromeDriver
Capabilities {acceptInsecureCerts: false, browserName: chrome, browserVersion: 96.0.4664.110, chrome: {chromedriverVersion: 96.0.4664.45 (76e4c1bb2ab46..., userDataDir: C:\Users\vinay.v\AppData\Lo...}, goog:chromeOptions: {debuggerAddress: localhost:61765}, javascriptEnabled: true, networkConnectionEnabled: false, pageLoadStrategy: normal, platform: WINDOWS, platformName: WINDOWS, proxy: Proxy(), setWindowRect: true, strictFileInteractability: false, timeouts: {implicit: 0, pageLoad: 300000, script: 30000}, unhandledPromptBehavior: dismiss and notify, webauthn:extension:credBlob: true, webauthn:extension:largeBlob: true, webauthn:virtualAuthenticators: true}
Session ID: 1862d6c20bb5eab6be2b81bb49389e30">
      <![CDATA[org.openqa.selenium.ElementNotInteractableException: element not interactable
  (Session info: chrome=96.0.4664.110)
Build info: version: '3.141.59', revision: 'e82be7d358', time: '2018-11-14T08:17:03'
System info: host: 'CLAP2084', ip: '192.168.1.3', os.name: 'Windows 10', os.arch: 'amd64', os.version: '10.0', java.version: '17.0.1'
Driver info: org.openqa.selenium.chrome.ChromeDriver
Capabilities {acceptInsecureCerts: false, browserName: chrome, browserVersion: 96.0.4664.110, chrome: {chromedriverVersion: 96.0.4664.45 (76e4c1bb2ab46..., userDataDir: C:\Users\vinay.v\AppData\Lo...}, goog:chromeOptions: {debuggerAddress: localhost:61765}, javascriptEnabled: true, networkConnectionEnabled: false, pageLoadStrategy: normal, platform: WINDOWS, platformName: WINDOWS, proxy: Proxy(), setWindowRect: true, strictFileInteractability: false, timeouts: {implicit: 0, pageLoad: 300000, script: 30000}, unhandledPromptBehavior: dismiss and notify, webauthn:extension:credBlob: true, webauthn:extension:largeBlob: true, webauthn:virtualAuthenticators: true}
Session ID: 1862d6c20bb5eab6be2b81bb49389e30
at org.openqa.selenium.remote.http.W3CHttpResponseCodec.createException(W3CHttpResponseCodec.java:187)
at org.openqa.selenium.remote.http.W3CHttpResponseCodec.decode(W3CHttpResponseCodec.java:122)
at org.openqa.selenium.remote.http.W3CHttpResponseCodec.decode(W3CHttpResponseCodec.java:49)
at org.openqa.selenium.remote.HttpCommandExecutor.execute(HttpCommandExecutor.java:158)
at org.openqa.selenium.remote.service.DriverCommandExecutor.execute(DriverCommandExecutor.java:83)
at org.openqa.selenium.remote.RemoteWebDriver.execute(RemoteWebDriver.java:552)
at org.openqa.selenium.remote.RemoteWebElement.execute(RemoteWebElement.java:285)
at org.openqa.selenium.remote.RemoteWebElement.click(RemoteWebElement.java:84)
at Salesdesk.ApplyCoupunCode.cCode(ApplyCoupunCode.java:46)
at java.base/java.util.ArrayList.forEach(ArrayList.java:1511)
... Removed 32 stack frames]]>
    </failure>
  </testcase> <!-- cCode -->
  <testcase classname="Salesdesk.ApplyCoupunCode" name="skippedMethod" time="0.002">
    <skipped/>
  </testcase> <!-- skippedMethod -->
  <testcase classname="Salesdesk.ApplyCoupunCode" name="exitSite" time="0.42"/>
  <testcase classname="Salesdesk.BuyingBook" name="addBook" time="16.224"/>
  <testcase classname="Salesdesk.BuyingBook" name="viewBasket" time="6.536"/>
  <testcase classname="Salesdesk.BuyingBook" name="skippedMethod" time="0.002">
    <skipped/>
  </testcase> <!-- skippedMethod -->
  <testcase classname="Salesdesk.BuyingBook" name="exitSite" time="0.427"/>
  <testcase classname="Salesdesk.swagorder" name="login" time="4.004"/>
  <testcase classname="Salesdesk.swagorder" name="addToCart" time="2.188"/>
  <testcase classname="Salesdesk.swagorder" name="checkout" time="3.403"/>
  <testcase classname="Salesdesk.swagorder" name="teardown" time="0.427"/>
</testsuite> <!-- Regression -->
